[2026-07-04 00:44:57] [INFO] OpenEyes Runtime booting...
[2026-07-04 00:44:57] [INFO] OpenEyes Runtime ready.
[2026-07-04 00:44:57] [INFO] OpenEyes Runtime shutting down...
[2026-07-04 00:44:57] [INFO] OpenEyes Runtime stopped.
[2026-07-04 00:49:08] [INFO] OpenEyes Runtime booting...
[2026-07-04 00:49:08] [INFO] OpenEyes Runtime ready.
[2026-07-04 00:49:08] [INFO] Starting Camera Manager...
[2026-07-04 00:51:53] [INFO] OpenEyes Runtime shutting down...
[2026-07-04 00:51:53] [INFO] OpenEyes Runtime stopped.
[2026-07-04 01:04:54] [INFO] OpenEyes Runtime booting...
[2026-07-04 01:04:54] [INFO] OpenEyes Runtime ready.
[2026-07-04 01:04:54] [INFO] Starting Camera Manager...
[2026-07-04 01:08:18] [INFO] OpenEyes Runtime shutting down...
[2026-07-04 01:08:18] [INFO] OpenEyes Runtime stopped.
[2026-07-04 07:59:11] [INFO] OpenEyes Runtime booting...
[2026-07-04 07:59:11] [INFO] OpenEyes Runtime ready.
[2026-07-04 07:59:11] [INFO] Starting Camera Manager...
[2026-07-04 07:59:57] [INFO] OpenEyes Runtime shutting down...
[2026-07-04 07:59:57] [INFO] OpenEyes Runtime stopped.
[2026-07-04 11:17:00] [INFO] OpenEyes Runtime booting...
[2026-07-04 11:17:00] [INFO] OpenEyes Runtime ready.
[2026-07-04 11:17:00] [INFO] Starting Camera Manager...
[2026-07-04 11:21:06] [INFO] OpenEyes Runtime shutting down...
[2026-07-04 11:21:06] [INFO] OpenEyes Runtime stopped.
[2026-07-04 11:22:28] [INFO] OpenEyes Runtime booting...
[2026-07-04 11:22:28] [INFO] OpenEyes Runtime ready.
[2026-07-04 11:22:28] [INFO] Starting Camera Manager...
[2026-07-04 11:24:07] [INFO] OpenEyes Runtime shutting down...
[2026-07-04 11:24:07] [INFO] OpenEyes Runtime stopped.
[2026-07-04 11:27:06] [INFO] OpenEyes Runtime booting...
[2026-07-04 11:27:06] [INFO] OpenEyes Runtime ready.
[2026-07-04 11:27:06] [INFO] Starting Camera Manager...
[2026-07-04 11:28:36] [INFO] OpenEyes Runtime shutting down...
[2026-07-04 11:28:36] [INFO] OpenEyes Runtime stopped.
[2026-07-04 11:45:37] [INFO] OpenEyes Runtime booting...
[2026-07-04 11:45:37] [INFO] OpenEyes Runtime ready.
[2026-07-04 11:45:37] [INFO] Starting Camera Manager...
[2026-07-04 11:51:56] [INFO] OpenEyes Runtime shutting down...
[2026-07-04 11:51:56] [INFO] OpenEyes Runtime stopped.
[2026-07-04 11:52:58] [INFO] OpenEyes Runtime booting...
[2026-07-04 11:52:58] [INFO] OpenEyes Runtime ready.
[2026-07-04 11:52:58] [INFO] Starting Camera Manager...
[2026-07-04 11:53:33] [INFO] OpenEyes Runtime shutting down...
[2026-07-04 11:53:34] [INFO] OpenEyes Runtime stopped.
[2026-07-04 12:00:23] [INFO] OpenEyes Runtime booting...
[2026-07-04 12:00:23] [INFO] OpenEyes Runtime ready.
[2026-07-04 12:00:23] [INFO] Starting Camera Manager...
[2026-07-04 12:01:22] [INFO] OpenEyes Runtime shutting down...
[2026-07-04 12:01:22] [INFO] OpenEyes Runtime stopped.
[2026-07-04 12:05:54] [INFO] OpenEyes Runtime booting...
[2026-07-04 12:05:54] [INFO] OpenEyes Runtime ready.
[2026-07-04 12:05:54] [INFO] Starting Camera Manager...
[2026-07-04 12:09:22] [INFO] OpenEyes Runtime shutting down...
[2026-07-04 12:09:22] [INFO] OpenEyes Runtime stopped.
[2026-07-04 12:19:19] [INFO] OpenEyes Runtime booting...
[2026-07-04 12:19:19] [INFO] OpenEyes Runtime ready.
[2026-07-04 12:19:19] [INFO] Starting Camera Manager...
[2026-07-04 12:21:30] [INFO] OpenEyes Runtime shutting down...
[2026-07-04 12:21:30] [INFO] OpenEyes Runtime stopped.
